#
# A fatal error has been detected by the Java Runtime Environment:
#
#  EXCEPTION_ACCESS_VIOLATION (0xc0000005) at pc=0x6d9dcd1a, pid=8712, tid=7648
#
# JRE version: 6.0_45-b06
# Java VM: Java HotSpot(TM) Client VM (20.45-b01 mixed mode, sharing windows-x86 )
# Problematic frame:
# V  [jvm.dll+0xfcd1a]
#
# If you would like to submit a bug report, please visit:
#   http://java.sun.com/webapps/bugreport/crash.jsp
#

---------------  T H R E A D  ---------------

Current thread is native thread

siginfo: ExceptionCode=0xc0000005, reading address 0x000000d0

Registers:
EAX=0x00000000, EBX=0x01254b40, ECX=0x00000001, EDX=0x01254b40
ESP=0x0120ec7c, EBP=0x0120ec8c, ESI=0x01254b40, EDI=0x00000000
EIP=0x6d9dcd1a, EFLAGS=0x00010246

Top of Stack: (sp=0x0120ec7c)
0x0120ec7c:   01254b40 00000000 cccccccc cccccccc
0x0120ec8c:   0120edac 6d9dd2ea 00000000 00000007
0x0120ec9c:   01255c00 6d9e9c9c 01255c00 01255c00
0x0120ecac:   cccccccc cccccccc 00000001 cccccccc
0x0120ecbc:   cccccccc 00890000 00000000 00000074
0x0120eccc:   008b4250 7709d93d 008b42cc 7709d9a4
0x0120ecdc:   00000001 00890000 00890000 008b0000
0x0120ecec:   00000000 008b3ec8 7709d93d 008b3efc 

Instructions: (pc=0x6d9dcd1a)
0x6d9dccfa:   e5 5d c2 04 00 cc 55 8b ec 83 ec 08 53 8b d9 e8
0x6d9dcd0a:   62 fd ff ff 85 c0 0f 85 f5 00 00 00 8b 45 08 56
0x6d9dcd1a:   8b b0 d0 00 00 00 50 8b cb e8 d8 fd ff ff 85 c0
0x6d9dcd2a:   0f 85 da 00 00 00 89 46 20 8b 0d 88 0f b6 6d b8 


Register to memory mapping:

EAX=0x00000000 is an unknown value
EBX=0x01254b40 is an unknown value
ECX=0x00000001 is an unknown value
EDX=0x01254b40 is an unknown value
ESP=0x0120ec7c is pointing into the stack for thread: 0x01255c00
EBP=0x0120ec8c is pointing into the stack for thread: 0x01255c00
ESI=0x01254b40 is an unknown value
EDI=0x00000000 is an unknown value


Stack: [0x01110000,0x01210000],  sp=0x0120ec7c,  free space=1019k
Native frames: (J=compiled Java code, j=interpreted, Vv=VM code, C=native code)
V  [jvm.dll+0xfcd1a]
V  [jvm.dll+0xfd2ea]
V  [jvm.dll+0x481b2]
V  [jvm.dll+0xfb15e]
V  [jvm.dll+0xfb852]
V  [jvm.dll+0x18d551]
V  [jvm.dll+0xfb90d]
V  [jvm.dll+0x960f6]
V  [jvm.dll+0x9d068]
C  [VoceProject1.exe+0x1ca33]  JNIEnv_::CallStaticIntMethod+0x43
C  [VoceProject1.exe+0x25be1]  voce::getRecognizerQueueSize+0xc1
C  [VoceProject1.exe+0x29baa]  rec+0xea
C  [VoceProject1.exe+0x1877c]  std::_Bind<1,void,void (__cdecl*const)(void)>::_Do_call<>+0x2c
C  [VoceProject1.exe+0x167b5]  std::_Bind<1,void,void (__cdecl*const)(void)>::operator()<>+0x45
C  [VoceProject1.exe+0x209d4]  std::_LaunchPad<std::_Bind<1,void,void (__cdecl*const)(void)> >::_Run+0x64
C  [VoceProject1.exe+0x2538c]  std::_LaunchPad<std::_Bind<1,void,void (__cdecl*const)(void)> >::_Go+0x2c
C  [MSVCP120D.dll+0x52fa6]  std::_Pad::_Release+0xd6
C  [MSVCR120D.dll+0x63651]  beginthreadex+0x1a1
C  [MSVCR120D.dll+0x63861]  endthreadex+0x181
C  [KERNEL32.DLL+0x17c04]  BaseThreadInitThunk+0x24
C  [ntdll.dll+0x5ab8f]  RtlInitializeExceptionChain+0x8f
C  [ntdll.dll+0x5ab5a]  RtlInitializeExceptionChain+0x5a


---------------  P R O C E S S  ---------------

VM state:synchronizing (normal execution)

VM Mutex/Monitor currently owned by a thread:  ([mutex/lock_event])
[0x01254bb8] Threads_lock - owner thread: 0x04b4d800

Heap
 def new generation   total 49088K, used 15088K [0x245f0000, 0x27b30000, 0x29b40000)
  eden space 43648K,  22% used [0x245f0000, 0x24f5c380, 0x27090000)
  from space 5440K, 100% used [0x275e0000, 0x27b30000, 0x27b30000)
  to   space 5440K,   0% used [0x27090000, 0x27090000, 0x275e0000)
 tenured generation   total 108916K, used 102127K [0x29b40000, 0x3059d000, 0x345f0000)
   the space 108916K,  93% used [0x29b40000, 0x2fefbf20, 0x2fefc000, 0x3059d000)
 compacting perm gen  total 12288K, used 2582K [0x345f0000, 0x351f0000, 0x385f0000)
   the space 12288K,  21% used [0x345f0000, 0x34875b30, 0x34875c00, 0x351f0000)
    ro space 10240K,  55% used [0x385f0000, 0x38b73dd8, 0x38b73e00, 0x38ff0000)
    rw space 12288K,  55% used [0x38ff0000, 0x39696cd0, 0x39696e00, 0x39bf0000)

Code Cache  [0x02a20000, 0x02b60000, 0x04a20000)
 total_blobs=597 nmethods=430 adapters=103 free_code_cache=32253952 largest_free_block=0

Dynamic libraries:
0x012f0000 - 0x01339000 	G:\STUDIA W4\Informatyka w gospodarce PROJEKT\VOCE\VoceProject1\Debug\VoceProject1.exe
0x76fd0000 - 0x7713f000 	C:\Windows\SYSTEM32\ntdll.dll
0x76980000 - 0x76ac0000 	C:\Windows\SYSTEM32\KERNEL32.DLL
0x762d0000 - 0x763a7000 	C:\Windows\SYSTEM32\KERNELBASE.dll
0x6d8e0000 - 0x6db90000 	C:\Program Files (x86)\Java\jdk1.6.0_45\jre\bin\client\jvm.dll
0x73560000 - 0x73583000 	C:\Windows\SYSTEM32\WINMM.dll
0x0f350000 - 0x0f419000 	C:\Windows\SYSTEM32\MSVCP120D.dll
0x0f740000 - 0x0f8ff000 	C:\Windows\SYSTEM32\MSVCR120D.dll
0x76d20000 - 0x76e73000 	C:\Windows\SYSTEM32\USER32.dll
0x749a0000 - 0x74a1c000 	C:\Windows\SYSTEM32\ADVAPI32.dll
0x7c340000 - 0x7c396000 	C:\Windows\SYSTEM32\MSVCR71.dll
0x73440000 - 0x73463000 	C:\Windows\SYSTEM32\WINMMBASE.dll
0x75fb0000 - 0x76073000 	C:\Windows\SYSTEM32\msvcrt.dll
0x76530000 - 0x7663e000 	C:\Windows\SYSTEM32\GDI32.dll
0x74a20000 - 0x74a61000 	C:\Windows\SYSTEM32\sechost.dll
0x75eb0000 - 0x75f6a000 	C:\Windows\SYSTEM32\RPCRT4.dll
0x76b20000 - 0x76b5c000 	C:\Windows\SYSTEM32\cfgmgr32.dll
0x73410000 - 0x73431000 	C:\Windows\SYSTEM32\DEVOBJ.dll
0x76e90000 - 0x76eae000 	C:\Windows\SYSTEM32\SspiCli.dll
0x747b0000 - 0x747ba000 	C:\Windows\SYSTEM32\CRYPTBASE.dll
0x74750000 - 0x747a4000 	C:\Windows\SYSTEM32\bcryptPrimitives.dll
0x76080000 - 0x760a7000 	C:\Windows\system32\IMM32.DLL
0x763b0000 - 0x764c2000 	C:\Windows\SYSTEM32\MSCTF.dll
0x74670000 - 0x74699000 	C:\Windows\SYSTEM32\nvinit.dll
0x74660000 - 0x74668000 	C:\Windows\SYSTEM32\VERSION.dll
0x727e0000 - 0x727e6000 	C:\Program Files (x86)\NVIDIA Corporation\CoProcManager\_etoured.dll
0x727a0000 - 0x727d1000 	C:\Program Files (x86)\NVIDIA Corporation\CoProcManager\nvd3d9wrap.dll
0x76b60000 - 0x76d11000 	C:\Windows\SYSTEM32\SETUPAPI.dll
0x72780000 - 0x727a0000 	C:\Program Files (x86)\NVIDIA Corporation\CoProcManager\nvdxgiwrap.dll
0x747d0000 - 0x7494d000 	C:\Windows\SYSTEM32\combase.dll
0x6d890000 - 0x6d89c000 	C:\Program Files (x86)\Java\jdk1.6.0_45\jre\bin\verify.dll
0x6d3e0000 - 0x6d3ff000 	C:\Program Files (x86)\Java\jdk1.6.0_45\jre\bin\java.dll
0x6d8d0000 - 0x6d8df000 	C:\Program Files (x86)\Java\jdk1.6.0_45\jre\bin\zip.dll
0x6d5d0000 - 0x6d5f5000 	C:\Program Files (x86)\Java\jdk1.6.0_45\jre\bin\jsound.dll
0x6d600000 - 0x6d608000 	C:\Program Files (x86)\Java\jdk1.6.0_45\jre\bin\jsoundds.dll
0x61200000 - 0x61281000 	C:\Windows\SYSTEM32\DSOUND.dll
0x74ac0000 - 0x74be9000 	C:\Windows\SYSTEM32\ole32.dll
0x72920000 - 0x72960000 	C:\Windows\SYSTEM32\POWRPROF.dll
0x74650000 - 0x74659000 	C:\Windows\SYSTEM32\kernel.appcore.dll
0x72690000 - 0x7277d000 	C:\Windows\system32\uxtheme.dll
0x6e2a0000 - 0x6e2f3000 	C:\Windows\SYSTEM32\MMDevAPI.DLL
0x6a640000 - 0x6a676000 	C:\Windows\SYSTEM32\wdmaud.drv
0x6f530000 - 0x6f537000 	C:\Windows\SYSTEM32\ksuser.dll
0x72680000 - 0x7268a000 	C:\Windows\SYSTEM32\AVRT.dll
0x6af10000 - 0x6af70000 	C:\Windows\SYSTEM32\AUDIOSES.DLL
0x76640000 - 0x766d7000 	C:\Windows\SYSTEM32\OLEAUT32.dll
0x6a630000 - 0x6a639000 	C:\Windows\SYSTEM32\msacm32.drv
0x72960000 - 0x72977000 	C:\Windows\SYSTEM32\MSACM32.dll
0x6a620000 - 0x6a628000 	C:\Windows\SYSTEM32\midimap.dll
0x760b0000 - 0x7613d000 	C:\Windows\SYSTEM32\clbcatq.dll
0x75fa0000 - 0x75fa6000 	C:\Windows\system32\PSAPI.DLL

VM Arguments:
jvm_args: -Xmx256m 
java_command: <unknown>
Launcher Type: generic

Environment Variables:
JAVA_HOME=C:\Program Files (x86)\Java\jdk1.6.0_45
PATH=C:\Program Files (x86)\Java\jdk1.6.0_45\jre\bin\client;C:\Program Files (x86)\Java\jdk1.6.0_45\jre\bin;C:\Program Files (x86)\Java\jdk1.6.0_45\jre\bin\client;C:\Program Files (x86)\Python36-32\Scripts\;C:\Program Files (x86)\Python36-32\;C:\ProgramData\Oracle\Java\javapath;"C:\Program Files (x86)\Java\jdk1.6.0_45\jre\bin";"C:\Program Files\Microsoft SQL Server\110\Tools\Binn\";"C:\Program Files (x86)\Skype\Phone";G:\Program Files\MATLAB\MATLAB Production Server\R2015a\runtime\win64;G:\Program Files\MATLAB\MATLAB Production Server\R2015a\bin;G:\Program Files\MATLAB\MATLAB Production Server\R2015a\polyspace\bin;C:\Program Files (x86)\Skype\Phone\;G:\MicrosoftSoftware\Microsoft Visual Studio\Common7\IDE\Extensions\Microsoft\VsGraphics;G:\MicrosoftSoftware\Microsoft Visual Studio\;G:\MicrosoftSoftware\Microsoft Visual Studio\VC\bin
USERNAME=Marek
OS=Windows_NT
PROCESSOR_IDENTIFIER=Intel64 Family 6 Model 58 Stepping 9, GenuineIntel



---------------  S Y S T E M  ---------------

OS: Windows 8 , 64 bit Build 9200 

CPU:total 4 (2 cores per cpu, 2 threads per core) family 6 model 58 stepping 9, cmov, cx8, fxsr, mmx, sse, sse2, sse3, ssse3, sse4.1, sse4.2, popcnt, ht

Memory: 4k page, physical 8246884k(1918512k free), swap 11523684k(3898912k free)

vm_info: Java HotSpot(TM) Client VM (20.45-b01) for windows-x86 JRE (1.6.0_45-b06), built on Mar 26 2013 13:40:03 by "java_re" with MS VC++ 7.1 (VS2003)

time: Sun Jun 04 17:54:04 2017
elapsed time: 10 seconds

